<?xml version="1.0" encoding="UTF-8"?>
<!-- Generated by org.testng.reporters.JUnitReportReporter -->
<testsuite skipped="0" hostname="ajitbiswas-laptop" name="scripts.TestProductVersion" tests="1" failures="0" timestamp="26 Mar 2018 13:45:19 GMT" time="34.518" errors="0">
  <testcase name="testProductVersion" time="34.518" classname="scripts.TestProductVersion"/>
</testsuite> <!-- scripts.TestProductVersion -->
