<?xml version="1.0" encoding="UTF-8"?>
<!-- Generated by org.testng.reporters.JUnitReportReporter -->
<testsuite skipped="0" hostname="ajitbiswas-laptop" name="scripts.VerifyProductVersion" tests="1" failures="0" timestamp="29 Mar 2018 04:43:40 GMT" time="18.378" errors="0">
  <testcase name="testProductVersion" time="18.378" classname="scripts.VerifyProductVersion"/>
</testsuite> <!-- scripts.VerifyProductVersion -->
