<?xml version="1.0" encoding="UTF-8"?>
<!-- Generated by org.testng.reporters.JUnitReportReporter -->
<testsuite skipped="0" hostname="ajitbiswas-laptop" name="scripts.Test" tests="1" failures="0" timestamp="26 Mar 2018 12:52:41 GMT" time="0.018" errors="0">
  <testcase name="test" time="0.018" classname="scripts.Test"/>
</testsuite> <!-- scripts.Test -->
