<?xml version="1.0" encoding="UTF-8"?>
<!-- Generated by org.testng.reporters.JUnitReportReporter -->
<testsuite skipped="0" hostname="ajitbiswas-laptop" name="scripts.Test1" tests="1" failures="0" timestamp="26 Mar 2018 12:53:44 GMT" time="0.019" errors="0">
  <testcase name="test" time="0.019" classname="scripts.Test1"/>
</testsuite> <!-- scripts.Test1 -->
